Build started 2/22/2012 4:22:35 PM.
     1>Project "C:\Users\Teaja\Documents\Visual Studio 2010\Projects\LabSimpleSoccerProject\SimpleSoccer\SimpleSoccer.vcxproj" on node 2 (build target(s)).
     1>InitializeBuildStatus:
         Creating ".\Debug\SimpleSoccer.unsuccessfulbuild" because "AlwaysCreate" was specified.
       ClCompile:
         All outputs are up-to-date.
       ResourceCompile:
         All outputs are up-to-date.
       ManifestResourceCompile:
         All outputs are up-to-date.
       Link:
         All outputs are up-to-date.
       Manifest:
         All outputs are up-to-date.
       BscMake:
         All outputs are up-to-date.
       FinalizeBuildStatus:
         Deleting file ".\Debug\SimpleSoccer.unsuccessfulbuild".
         Touching ".\Debug\SimpleSoccer.lastbuildstate".
     1>Done Building Project "C:\Users\Teaja\Documents\Visual Studio 2010\Projects\LabSimpleSoccerProject\SimpleSoccer\SimpleSoccer.vcxproj" (build target(s)).

Build succeeded.

Time Elapsed 00:00:03.18
