C:\USERS\TEAJA\DOCUMENTS\ARTIFICIAL-FUN\SIMPLESOCCERPROJECTNEW\SIMPLESOCCER\DEBUG\
C:\USERS\TEAJA\DOCUMENTS\ARTIFICIAL-FUN\SIMPLESOCCERPROJECTNEW\SIMPLESOCCER\DEBUG\ABSTSOCCERTEAM.OBJ
C:\USERS\TEAJA\DOCUMENTS\ARTIFICIAL-FUN\SIMPLESOCCERPROJECTNEW\SIMPLESOCCER\DEBUG\ABSTSOCCERTEAM.SBR
C:\USERS\TEAJA\DOCUMENTS\ARTIFICIAL-FUN\SIMPLESOCCERPROJECTNEW\SIMPLESOCCER\DEBUG\BASEGAMEENTITY.OBJ
C:\USERS\TEAJA\DOCUMENTS\ARTIFICIAL-FUN\SIMPLESOCCERPROJECTNEW\SIMPLESOCCER\DEBUG\BASEGAMEENTITY.SBR
C:\USERS\TEAJA\DOCUMENTS\ARTIFICIAL-FUN\SIMPLESOCCERPROJECTNEW\SIMPLESOCCER\DEBUG\CGDI.OBJ
C:\USERS\TEAJA\DOCUMENTS\ARTIFICIAL-FUN\SIMPLESOCCERPROJECTNEW\SIMPLESOCCER\DEBUG\CGDI.SBR
C:\Users\Teaja\Documents\Artificial-Fun\SimpleSoccerProjectNew\SimpleSoccer\Debug\cl.command.1.tlog
C:\Users\Teaja\Documents\Artificial-Fun\SimpleSoccerProjectNew\SimpleSoccer\Debug\CL.read.1.tlog
C:\Users\Teaja\Documents\Artificial-Fun\SimpleSoccerProjectNew\SimpleSoccer\Debug\CL.write.1.tlog
C:\USERS\TEAJA\DOCUMENTS\ARTIFICIAL-FUN\SIMPLESOCCERPROJECTNEW\SIMPLESOCCER\DEBUG\DEBUGCONSOLE.OBJ
C:\USERS\TEAJA\DOCUMENTS\ARTIFICIAL-FUN\SIMPLESOCCERPROJECTNEW\SIMPLESOCCER\DEBUG\DEBUGCONSOLE.SBR
C:\USERS\TEAJA\DOCUMENTS\ARTIFICIAL-FUN\SIMPLESOCCERPROJECTNEW\SIMPLESOCCER\DEBUG\ENTITYMANAGER.OBJ
C:\USERS\TEAJA\DOCUMENTS\ARTIFICIAL-FUN\SIMPLESOCCERPROJECTNEW\SIMPLESOCCER\DEBUG\ENTITYMANAGER.SBR
C:\USERS\TEAJA\DOCUMENTS\ARTIFICIAL-FUN\SIMPLESOCCERPROJECTNEW\SIMPLESOCCER\DEBUG\FIELDPLAYER.OBJ
C:\USERS\TEAJA\DOCUMENTS\ARTIFICIAL-FUN\SIMPLESOCCERPROJECTNEW\SIMPLESOCCER\DEBUG\FIELDPLAYER.SBR
C:\USERS\TEAJA\DOCUMENTS\ARTIFICIAL-FUN\SIMPLESOCCERPROJECTNEW\SIMPLESOCCER\DEBUG\FIELDPLAYERSTATES.OBJ
C:\USERS\TEAJA\DOCUMENTS\ARTIFICIAL-FUN\SIMPLESOCCERPROJECTNEW\SIMPLESOCCER\DEBUG\FIELDPLAYERSTATES.SBR
C:\USERS\TEAJA\DOCUMENTS\ARTIFICIAL-FUN\SIMPLESOCCERPROJECTNEW\SIMPLESOCCER\DEBUG\FRAMECOUNTER.OBJ
C:\USERS\TEAJA\DOCUMENTS\ARTIFICIAL-FUN\SIMPLESOCCERPROJECTNEW\SIMPLESOCCER\DEBUG\FRAMECOUNTER.SBR
C:\USERS\TEAJA\DOCUMENTS\ARTIFICIAL-FUN\SIMPLESOCCERPROJECTNEW\SIMPLESOCCER\DEBUG\GOALKEEPER.OBJ
C:\USERS\TEAJA\DOCUMENTS\ARTIFICIAL-FUN\SIMPLESOCCERPROJECTNEW\SIMPLESOCCER\DEBUG\GOALKEEPER.SBR
C:\USERS\TEAJA\DOCUMENTS\ARTIFICIAL-FUN\SIMPLESOCCERPROJECTNEW\SIMPLESOCCER\DEBUG\GOALKEEPERSTATES.OBJ
C:\USERS\TEAJA\DOCUMENTS\ARTIFICIAL-FUN\SIMPLESOCCERPROJECTNEW\SIMPLESOCCER\DEBUG\GOALKEEPERSTATES.SBR
C:\USERS\TEAJA\DOCUMENTS\ARTIFICIAL-FUN\SIMPLESOCCERPROJECTNEW\SIMPLESOCCER\DEBUG\INIFILELOADERBASE.OBJ
C:\USERS\TEAJA\DOCUMENTS\ARTIFICIAL-FUN\SIMPLESOCCERPROJECTNEW\SIMPLESOCCER\DEBUG\INIFILELOADERBASE.SBR
C:\USERS\TEAJA\DOCUMENTS\ARTIFICIAL-FUN\SIMPLESOCCERPROJECTNEW\SIMPLESOCCER\DEBUG\MAIN.OBJ
C:\USERS\TEAJA\DOCUMENTS\ARTIFICIAL-FUN\SIMPLESOCCERPROJECTNEW\SIMPLESOCCER\DEBUG\MAIN.SBR
C:\USERS\TEAJA\DOCUMENTS\ARTIFICIAL-FUN\SIMPLESOCCERPROJECTNEW\SIMPLESOCCER\DEBUG\MESSAGEDISPATCHER.OBJ
C:\USERS\TEAJA\DOCUMENTS\ARTIFICIAL-FUN\SIMPLESOCCERPROJECTNEW\SIMPLESOCCER\DEBUG\MESSAGEDISPATCHER.SBR
C:\USERS\TEAJA\DOCUMENTS\ARTIFICIAL-FUN\SIMPLESOCCERPROJECTNEW\SIMPLESOCCER\DEBUG\PARAMLOADER.OBJ
C:\USERS\TEAJA\DOCUMENTS\ARTIFICIAL-FUN\SIMPLESOCCERPROJECTNEW\SIMPLESOCCER\DEBUG\PARAMLOADER.SBR
C:\USERS\TEAJA\DOCUMENTS\ARTIFICIAL-FUN\SIMPLESOCCERPROJECTNEW\SIMPLESOCCER\DEBUG\PLAYERBASE.OBJ
C:\USERS\TEAJA\DOCUMENTS\ARTIFICIAL-FUN\SIMPLESOCCERPROJECTNEW\SIMPLESOCCER\DEBUG\PLAYERBASE.SBR
C:\USERS\TEAJA\DOCUMENTS\ARTIFICIAL-FUN\SIMPLESOCCERPROJECTNEW\SIMPLESOCCER\DEBUG\PRECISIONTIMER.OBJ
C:\USERS\TEAJA\DOCUMENTS\ARTIFICIAL-FUN\SIMPLESOCCERPROJECTNEW\SIMPLESOCCER\DEBUG\PRECISIONTIMER.SBR
C:\USERS\TEAJA\DOCUMENTS\ARTIFICIAL-FUN\SIMPLESOCCERPROJECTNEW\SIMPLESOCCER\DEBUG\SOCCERBALL.OBJ
C:\USERS\TEAJA\DOCUMENTS\ARTIFICIAL-FUN\SIMPLESOCCERPROJECTNEW\SIMPLESOCCER\DEBUG\SOCCERBALL.SBR
C:\USERS\TEAJA\DOCUMENTS\ARTIFICIAL-FUN\SIMPLESOCCERPROJECTNEW\SIMPLESOCCER\DEBUG\SOCCERMESSAGES.OBJ
C:\USERS\TEAJA\DOCUMENTS\ARTIFICIAL-FUN\SIMPLESOCCERPROJECTNEW\SIMPLESOCCER\DEBUG\SOCCERMESSAGES.SBR
C:\USERS\TEAJA\DOCUMENTS\ARTIFICIAL-FUN\SIMPLESOCCERPROJECTNEW\SIMPLESOCCER\DEBUG\SOCCERPITCH.OBJ
C:\USERS\TEAJA\DOCUMENTS\ARTIFICIAL-FUN\SIMPLESOCCERPROJECTNEW\SIMPLESOCCER\DEBUG\SOCCERPITCH.SBR
C:\USERS\TEAJA\DOCUMENTS\ARTIFICIAL-FUN\SIMPLESOCCERPROJECTNEW\SIMPLESOCCER\DEBUG\SOCCERTEAM.OBJ
C:\USERS\TEAJA\DOCUMENTS\ARTIFICIAL-FUN\SIMPLESOCCERPROJECTNEW\SIMPLESOCCER\DEBUG\SOCCERTEAM.SBR
C:\USERS\TEAJA\DOCUMENTS\ARTIFICIAL-FUN\SIMPLESOCCERPROJECTNEW\SIMPLESOCCER\DEBUG\SOCCERTEAMMAKER.OBJ
C:\USERS\TEAJA\DOCUMENTS\ARTIFICIAL-FUN\SIMPLESOCCERPROJECTNEW\SIMPLESOCCER\DEBUG\SOCCERTEAMMAKER.SBR
C:\USERS\TEAJA\DOCUMENTS\ARTIFICIAL-FUN\SIMPLESOCCERPROJECTNEW\SIMPLESOCCER\DEBUG\STEERINGBEHAVIORS.OBJ
C:\USERS\TEAJA\DOCUMENTS\ARTIFICIAL-FUN\SIMPLESOCCERPROJECTNEW\SIMPLESOCCER\DEBUG\STEERINGBEHAVIORS.SBR
C:\USERS\TEAJA\DOCUMENTS\ARTIFICIAL-FUN\SIMPLESOCCERPROJECTNEW\SIMPLESOCCER\DEBUG\SUPPORTSPOTCALCULATOR.OBJ
C:\USERS\TEAJA\DOCUMENTS\ARTIFICIAL-FUN\SIMPLESOCCERPROJECTNEW\SIMPLESOCCER\DEBUG\SUPPORTSPOTCALCULATOR.SBR
C:\USERS\TEAJA\DOCUMENTS\ARTIFICIAL-FUN\SIMPLESOCCERPROJECTNEW\SIMPLESOCCER\DEBUG\TEAMMAKER.OBJ
C:\USERS\TEAJA\DOCUMENTS\ARTIFICIAL-FUN\SIMPLESOCCERPROJECTNEW\SIMPLESOCCER\DEBUG\TEAMMAKER.SBR
C:\USERS\TEAJA\DOCUMENTS\ARTIFICIAL-FUN\SIMPLESOCCERPROJECTNEW\SIMPLESOCCER\DEBUG\TEAMSTATES.OBJ
C:\USERS\TEAJA\DOCUMENTS\ARTIFICIAL-FUN\SIMPLESOCCERPROJECTNEW\SIMPLESOCCER\DEBUG\TEAMSTATES.SBR
C:\Users\Teaja\Documents\Artificial-Fun\SimpleSoccerProjectNew\SimpleSoccer\Debug\vc100.idb
C:\Users\Teaja\Documents\Artificial-Fun\SimpleSoccerProjectNew\SimpleSoccer\Debug\vc100.pdb
C:\USERS\TEAJA\DOCUMENTS\ARTIFICIAL-FUN\SIMPLESOCCERPROJECTNEW\SIMPLESOCCER\DEBUG\VECTOR2D.OBJ
C:\USERS\TEAJA\DOCUMENTS\ARTIFICIAL-FUN\SIMPLESOCCERPROJECTNEW\SIMPLESOCCER\DEBUG\VECTOR2D.SBR
C:\USERS\TEAJA\DOCUMENTS\ARTIFICIAL-FUN\SIMPLESOCCERPROJECTNEW\SIMPLESOCCER\DEBUG\WINDOWUTILS.OBJ
C:\USERS\TEAJA\DOCUMENTS\ARTIFICIAL-FUN\SIMPLESOCCERPROJECTNEW\SIMPLESOCCER\DEBUG\WINDOWUTILS.SBR
